publishing booking.updated -> booking:8c680dee-3fea-402a-9ee3-5c77b821fc34
published booking.updated -> booking:8c680dee-3fea-402a-9ee3-5c77b821fc34
publishing booking.updated -> driver:7c18cf86-0bff-4fe7-bb85-1635cd15644f
published booking.updated -> driver:7c18cf86-0bff-4fe7-bb85-1635cd15644f
publishing booking.created -> booking:659daed7-6ef7-4943-bc43-ca91f1bc23c5
published booking.created -> booking:659daed7-6ef7-4943-bc43-ca91f1bc23c5
publishing booking.created -> driver:7c18cf86-0bff-4fe7-bb85-1635cd15644f
published booking.created -> driver:7c18cf86-0bff-4fe7-bb85-1635cd15644f
publishing booking.updated -> booking:659daed7-6ef7-4943-bc43-ca91f1bc23c5
published booking.updated -> booking:659daed7-6ef7-4943-bc43-ca91f1bc23c5
publishing booking.updated -> driver:7c18cf86-0bff-4fe7-bb85-1635cd15644f
published booking.updated -> driver:7c18cf86-0bff-4fe7-bb85-1635cd15644f
publishing booking.updated -> booking:25911238-f29a-492a-bacf-699494a42b05
published booking.updated -> booking:25911238-f29a-492a-bacf-699494a42b05
publishing booking.updated -> driver:7c18cf86-0bff-4fe7-bb85-1635cd15644f
published booking.updated -> driver:7c18cf86-0bff-4fe7-bb85-1635cd15644f
publishing booking.updated -> booking:180516c1-71cf-4b20-85e9-2a204dc8cf47
published booking.updated -> booking:180516c1-71cf-4b20-85e9-2a204dc8cf47
publishing booking.updated -> driver:7c18cf86-0bff-4fe7-bb85-1635cd15644f
published booking.updated -> driver:7c18cf86-0bff-4fe7-bb85-1635cd15644f
publishing booking.created -> booking:fe9fe9db-6658-46b9-80d2-efe4011f74ad
published booking.created -> booking:fe9fe9db-6658-46b9-80d2-efe4011f74ad
publishing booking.created -> driver:7c18cf86-0bff-4fe7-bb85-1635cd15644f
published booking.created -> driver:7c18cf86-0bff-4fe7-bb85-1635cd15644f
publishing booking.updated -> booking:fe9fe9db-6658-46b9-80d2-efe4011f74ad
published booking.updated -> booking:fe9fe9db-6658-46b9-80d2-efe4011f74ad
publishing booking.updated -> driver:7c18cf86-0bff-4fe7-bb85-1635cd15644f
published booking.updated -> driver:7c18cf86-0bff-4fe7-bb85-1635cd15644f
publishing booking.created -> booking:ab811e3b-ca99-4f1d-991e-c1ee17029307
published booking.created -> booking:ab811e3b-ca99-4f1d-991e-c1ee17029307
publishing booking.created -> driver:7c18cf86-0bff-4fe7-bb85-1635cd15644f
published booking.created -> driver:7c18cf86-0bff-4fe7-bb85-1635cd15644f
publishing booking.updated -> booking:ab811e3b-ca99-4f1d-991e-c1ee17029307
published booking.updated -> booking:ab811e3b-ca99-4f1d-991e-c1ee17029307
publishing booking.updated -> driver:7c18cf86-0bff-4fe7-bb85-1635cd15644f
published booking.updated -> driver:7c18cf86-0bff-4fe7-bb85-1635cd15644f
publishing booking.created -> booking:c8085cda-cf40-409f-88da-3b27644996ff
published booking.created -> booking:c8085cda-cf40-409f-88da-3b27644996ff
publishing booking.created -> driver:7c18cf86-0bff-4fe7-bb85-1635cd15644f
published booking.created -> driver:7c18cf86-0bff-4fe7-bb85-1635cd15644f
publishing booking.updated -> booking:c8085cda-cf40-409f-88da-3b27644996ff
published booking.updated -> booking:c8085cda-cf40-409f-88da-3b27644996ff
publishing booking.updated -> driver:7c18cf86-0bff-4fe7-bb85-1635cd15644f
published booking.updated -> driver:7c18cf86-0bff-4fe7-bb85-1635cd15644f
publishing booking.created -> booking:e89c0468-b2a8-4e21-a62d-efd0596f1348
published booking.created -> booking:e89c0468-b2a8-4e21-a62d-efd0596f1348
publishing booking.created -> driver:7c18cf86-0bff-4fe7-bb85-1635cd15644f
published booking.created -> driver:7c18cf86-0bff-4fe7-bb85-1635cd15644f
publishing booking.updated -> booking:e89c0468-b2a8-4e21-a62d-efd0596f1348
published booking.updated -> booking:e89c0468-b2a8-4e21-a62d-efd0596f1348
publishing booking.updated -> driver:7c18cf86-0bff-4fe7-bb85-1635cd15644f
published booking.updated -> driver:7c18cf86-0bff-4fe7-bb85-1635cd15644f
publishing booking.created -> booking:61873afe-11ff-4c35-94eb-c991d7ec50a2
published booking.created -> booking:61873afe-11ff-4c35-94eb-c991d7ec50a2
publishing booking.created -> driver:7c18cf86-0bff-4fe7-bb85-1635cd15644f
published booking.created -> driver:7c18cf86-0bff-4fe7-bb85-1635cd15644f
publishing booking.updated -> booking:61873afe-11ff-4c35-94eb-c991d7ec50a2
published booking.updated -> booking:61873afe-11ff-4c35-94eb-c991d7ec50a2
publishing booking.updated -> driver:7c18cf86-0bff-4fe7-bb85-1635cd15644f
published booking.updated -> driver:7c18cf86-0bff-4fe7-bb85-1635cd15644f
publishing booking.created -> booking:77898236-ae87-4eff-a662-8a927592f549
published booking.created -> booking:77898236-ae87-4eff-a662-8a927592f549
publishing booking.created -> driver:a958fdd4-3afd-48d8-a086-323361c545ac
published booking.created -> driver:a958fdd4-3afd-48d8-a086-323361c545ac
publishing booking.updated -> booking:77898236-ae87-4eff-a662-8a927592f549
published booking.updated -> booking:77898236-ae87-4eff-a662-8a927592f549
publishing booking.updated -> driver:a958fdd4-3afd-48d8-a086-323361c545ac
published booking.updated -> driver:a958fdd4-3afd-48d8-a086-323361c545ac
publishing booking.updated -> passenger:799d698c-0dfa-4097-96b8-600275ac19c4
published booking.updated -> passenger:799d698c-0dfa-4097-96b8-600275ac19c4
publishing booking.created -> booking:fa0a9632-601d-4918-9f0f-a669e6e5cb06
published booking.created -> booking:fa0a9632-601d-4918-9f0f-a669e6e5cb06
publishing booking.created -> driver:a958fdd4-3afd-48d8-a086-323361c545ac
published booking.created -> driver:a958fdd4-3afd-48d8-a086-323361c545ac
publishing booking.updated -> booking:fa0a9632-601d-4918-9f0f-a669e6e5cb06
published booking.updated -> booking:fa0a9632-601d-4918-9f0f-a669e6e5cb06
publishing booking.updated -> driver:a958fdd4-3afd-48d8-a086-323361c545ac
published booking.updated -> driver:a958fdd4-3afd-48d8-a086-323361c545ac
publishing booking.updated -> passenger:6b7c2047-84d2-43eb-908c-f0a9a5ecf4ed
published booking.updated -> passenger:6b7c2047-84d2-43eb-908c-f0a9a5ecf4ed
publishing message -> booking:fa0a9632-601d-4918-9f0f-a669e6e5cb06
published message -> booking:fa0a9632-601d-4918-9f0f-a669e6e5cb06
publishing message -> booking:fa0a9632-601d-4918-9f0f-a669e6e5cb06
published message -> booking:fa0a9632-601d-4918-9f0f-a669e6e5cb06
publishing message -> booking:fa0a9632-601d-4918-9f0f-a669e6e5cb06
published message -> booking:fa0a9632-601d-4918-9f0f-a669e6e5cb06
publishing message -> booking:fa0a9632-601d-4918-9f0f-a669e6e5cb06
published message -> booking:fa0a9632-601d-4918-9f0f-a669e6e5cb06
publishing message -> booking:fa0a9632-601d-4918-9f0f-a669e6e5cb06
published message -> booking:fa0a9632-601d-4918-9f0f-a669e6e5cb06
publishing message -> booking:fa0a9632-601d-4918-9f0f-a669e6e5cb06
published message -> booking:fa0a9632-601d-4918-9f0f-a669e6e5cb06
publishing message -> booking:fa0a9632-601d-4918-9f0f-a669e6e5cb06
published message -> booking:fa0a9632-601d-4918-9f0f-a669e6e5cb06
publishing message -> booking:fa0a9632-601d-4918-9f0f-a669e6e5cb06
published message -> booking:fa0a9632-601d-4918-9f0f-a669e6e5cb06
publishing booking.created -> booking:40165a15-322c-48ed-a205-d3f6923125ce
published booking.created -> booking:40165a15-322c-48ed-a205-d3f6923125ce
publishing booking.created -> driver:7c18cf86-0bff-4fe7-bb85-1635cd15644f
published booking.created -> driver:7c18cf86-0bff-4fe7-bb85-1635cd15644f
publishing booking.updated -> booking:40165a15-322c-48ed-a205-d3f6923125ce
published booking.updated -> booking:40165a15-322c-48ed-a205-d3f6923125ce
publishing booking.updated -> driver:7c18cf86-0bff-4fe7-bb85-1635cd15644f
published booking.updated -> driver:7c18cf86-0bff-4fe7-bb85-1635cd15644f
publishing booking.updated -> passenger:7bced688-f9f7-461c-a89c-9e07d5ea01fe
published booking.updated -> passenger:7bced688-f9f7-461c-a89c-9e07d5ea01fe
publishing booking.created -> booking:7782d6f0-5625-44f9-bd2d-d0e9eb096d2a
published booking.created -> booking:7782d6f0-5625-44f9-bd2d-d0e9eb096d2a
publishing booking.created -> driver:7c18cf86-0bff-4fe7-bb85-1635cd15644f
published booking.created -> driver:7c18cf86-0bff-4fe7-bb85-1635cd15644f
publishing booking.updated -> booking:7782d6f0-5625-44f9-bd2d-d0e9eb096d2a
published booking.updated -> booking:7782d6f0-5625-44f9-bd2d-d0e9eb096d2a
publishing booking.updated -> driver:7c18cf86-0bff-4fe7-bb85-1635cd15644f
published booking.updated -> driver:7c18cf86-0bff-4fe7-bb85-1635cd15644f
publishing booking.updated -> passenger:b470cb3a-4dbd-4a4a-b7e1-ed6f085641da
published booking.updated -> passenger:b470cb3a-4dbd-4a4a-b7e1-ed6f085641da
publishing booking.created -> booking:054e4f1f-e790-4576-8b09-55348054aed2
published booking.created -> booking:054e4f1f-e790-4576-8b09-55348054aed2
publishing booking.created -> driver:7c18cf86-0bff-4fe7-bb85-1635cd15644f
published booking.created -> driver:7c18cf86-0bff-4fe7-bb85-1635cd15644f
publishing booking.created -> booking:f84c3316-614c-49f7-be69-e25bb671cc2d
published booking.created -> booking:f84c3316-614c-49f7-be69-e25bb671cc2d
publishing booking.created -> driver:7c18cf86-0bff-4fe7-bb85-1635cd15644f
published booking.created -> driver:7c18cf86-0bff-4fe7-bb85-1635cd15644f
publishing booking.updated -> booking:f84c3316-614c-49f7-be69-e25bb671cc2d
published booking.updated -> booking:f84c3316-614c-49f7-be69-e25bb671cc2d
publishing booking.updated -> driver:7c18cf86-0bff-4fe7-bb85-1635cd15644f
published booking.updated -> driver:7c18cf86-0bff-4fe7-bb85-1635cd15644f
publishing booking.updated -> passenger:294c3b96-1ccc-4ce7-bcb7-14e1289afc47
published booking.updated -> passenger:294c3b96-1ccc-4ce7-bcb7-14e1289afc47
publishing booking.updated -> booking:054e4f1f-e790-4576-8b09-55348054aed2
published booking.updated -> booking:054e4f1f-e790-4576-8b09-55348054aed2
publishing booking.updated -> driver:7c18cf86-0bff-4fe7-bb85-1635cd15644f
published booking.updated -> driver:7c18cf86-0bff-4fe7-bb85-1635cd15644f
publishing booking.updated -> passenger:1b57daa0-a5d3-49c7-abbb-2b7e16a757d0
published booking.updated -> passenger:1b57daa0-a5d3-49c7-abbb-2b7e16a757d0
publishing message -> booking:f84c3316-614c-49f7-be69-e25bb671cc2d
published message -> booking:f84c3316-614c-49f7-be69-e25bb671cc2d
publishing message -> booking:f84c3316-614c-49f7-be69-e25bb671cc2d
published message -> booking:f84c3316-614c-49f7-be69-e25bb671cc2d
publishing message -> booking:f84c3316-614c-49f7-be69-e25bb671cc2d
published message -> booking:f84c3316-614c-49f7-be69-e25bb671cc2d
publishing message -> booking:f84c3316-614c-49f7-be69-e25bb671cc2d
published message -> booking:f84c3316-614c-49f7-be69-e25bb671cc2d
publishing message -> booking:7782d6f0-5625-44f9-bd2d-d0e9eb096d2a
published message -> booking:7782d6f0-5625-44f9-bd2d-d0e9eb096d2a
publishing message -> booking:054e4f1f-e790-4576-8b09-55348054aed2
published message -> booking:054e4f1f-e790-4576-8b09-55348054aed2
publishing message -> booking:7782d6f0-5625-44f9-bd2d-d0e9eb096d2a
published message -> booking:7782d6f0-5625-44f9-bd2d-d0e9eb096d2a
publishing message -> booking:7782d6f0-5625-44f9-bd2d-d0e9eb096d2a
published message -> booking:7782d6f0-5625-44f9-bd2d-d0e9eb096d2a
publishing booking.created -> booking:08169560-3a3e-42fc-b706-1f9d2d326f77
published booking.created -> booking:08169560-3a3e-42fc-b706-1f9d2d326f77
publishing booking.created -> driver:4300c077-9b77-4be3-a60c-66ea19a3a43d
published booking.created -> driver:4300c077-9b77-4be3-a60c-66ea19a3a43d
publishing booking.updated -> booking:08169560-3a3e-42fc-b706-1f9d2d326f77
published booking.updated -> booking:08169560-3a3e-42fc-b706-1f9d2d326f77
publishing booking.updated -> driver:4300c077-9b77-4be3-a60c-66ea19a3a43d
published booking.updated -> driver:4300c077-9b77-4be3-a60c-66ea19a3a43d
publishing booking.updated -> passenger:b470cb3a-4dbd-4a4a-b7e1-ed6f085641da
published booking.updated -> passenger:b470cb3a-4dbd-4a4a-b7e1-ed6f085641da
publishing booking.updated -> booking:08169560-3a3e-42fc-b706-1f9d2d326f77
published booking.updated -> booking:08169560-3a3e-42fc-b706-1f9d2d326f77
publishing booking.updated -> driver:4300c077-9b77-4be3-a60c-66ea19a3a43d
published booking.updated -> driver:4300c077-9b77-4be3-a60c-66ea19a3a43d
publishing booking.updated -> passenger:b470cb3a-4dbd-4a4a-b7e1-ed6f085641da
published booking.updated -> passenger:b470cb3a-4dbd-4a4a-b7e1-ed6f085641da
publishing booking.created -> booking:ac665464-b344-4fc4-a41f-b295c1f745d1
published booking.created -> booking:ac665464-b344-4fc4-a41f-b295c1f745d1
publishing booking.created -> driver:4300c077-9b77-4be3-a60c-66ea19a3a43d
published booking.created -> driver:4300c077-9b77-4be3-a60c-66ea19a3a43d
publishing booking.updated -> booking:ac665464-b344-4fc4-a41f-b295c1f745d1
published booking.updated -> booking:ac665464-b344-4fc4-a41f-b295c1f745d1
publishing booking.updated -> driver:4300c077-9b77-4be3-a60c-66ea19a3a43d
published booking.updated -> driver:4300c077-9b77-4be3-a60c-66ea19a3a43d
publishing booking.updated -> passenger:b470cb3a-4dbd-4a4a-b7e1-ed6f085641da
published booking.updated -> passenger:b470cb3a-4dbd-4a4a-b7e1-ed6f085641da
publishing booking.updated -> booking:ac665464-b344-4fc4-a41f-b295c1f745d1
published booking.updated -> booking:ac665464-b344-4fc4-a41f-b295c1f745d1
publishing booking.updated -> driver:4300c077-9b77-4be3-a60c-66ea19a3a43d
published booking.updated -> driver:4300c077-9b77-4be3-a60c-66ea19a3a43d
publishing booking.updated -> passenger:b470cb3a-4dbd-4a4a-b7e1-ed6f085641da
published booking.updated -> passenger:b470cb3a-4dbd-4a4a-b7e1-ed6f085641da
publishing booking.created -> booking:b4389c7c-d032-4da2-b5b2-7a39ae7f7c16
published booking.created -> booking:b4389c7c-d032-4da2-b5b2-7a39ae7f7c16
publishing booking.created -> driver:4300c077-9b77-4be3-a60c-66ea19a3a43d
published booking.created -> driver:4300c077-9b77-4be3-a60c-66ea19a3a43d
publishing booking.updated -> booking:b4389c7c-d032-4da2-b5b2-7a39ae7f7c16
published booking.updated -> booking:b4389c7c-d032-4da2-b5b2-7a39ae7f7c16
publishing booking.updated -> driver:4300c077-9b77-4be3-a60c-66ea19a3a43d
published booking.updated -> driver:4300c077-9b77-4be3-a60c-66ea19a3a43d
publishing booking.updated -> passenger:b470cb3a-4dbd-4a4a-b7e1-ed6f085641da
published booking.updated -> passenger:b470cb3a-4dbd-4a4a-b7e1-ed6f085641da
publishing booking.created -> booking:2d6f296d-d7f8-470a-868e-88bebe3fe386
published booking.created -> booking:2d6f296d-d7f8-470a-868e-88bebe3fe386
publishing booking.created -> driver:4300c077-9b77-4be3-a60c-66ea19a3a43d
published booking.created -> driver:4300c077-9b77-4be3-a60c-66ea19a3a43d
publishing booking.updated -> booking:2d6f296d-d7f8-470a-868e-88bebe3fe386
published booking.updated -> booking:2d6f296d-d7f8-470a-868e-88bebe3fe386
publishing booking.updated -> driver:4300c077-9b77-4be3-a60c-66ea19a3a43d
published booking.updated -> driver:4300c077-9b77-4be3-a60c-66ea19a3a43d
publishing booking.updated -> passenger:b470cb3a-4dbd-4a4a-b7e1-ed6f085641da
published booking.updated -> passenger:b470cb3a-4dbd-4a4a-b7e1-ed6f085641da
